[2025-11-21 13:07:31] [INFO] GitHub仓库已连接: ssfxx0923/hermit-nodes
[2025-11-21 13:07:31] [INFO] CloudFlare API已初始化
[2025-11-21 13:07:31] [INFO] Hermit Crab Agent 已启动
[2025-11-21 13:07:31] [INFO] 从GitHub拉取: nodes.json
[2025-11-21 13:07:32] [INFO] ✅ 成功拉取服务器列表 (4 个服务器)
[2025-11-21 13:07:32] [INFO] 服务器列表已保存
[2025-11-21 13:07:32] [INFO] ================================================================================
[2025-11-21 13:07:32] [INFO] IP地址               剩余天数         状态           备注                            
[2025-11-21 13:07:32] [INFO] ================================================================================
[2025-11-21 13:07:32] [INFO] 192.168.1.10       -1           active       Initial server                
[2025-11-21 13:07:32] [INFO] 192.168.1.11       8            idle         Backup server                 
[2025-11-21 13:07:32] [INFO] 159.65.104.203     14           idle                                       
[2025-11-21 13:07:32] [INFO] 170.64.226.135     14           idle         当前服务器                         
[2025-11-21 13:07:32] [INFO] ================================================================================
[2025-11-21 13:13:52] [INFO] GitHub仓库已连接: ssfxx0923/hermit-nodes
[2025-11-21 13:13:52] [INFO] CloudFlare API已初始化
[2025-11-21 13:13:52] [INFO] Hermit Crab Agent 已启动
[2025-11-21 13:13:52] [WARNING] 生命周期文件不存在，需要初始化
[2025-11-21 13:13:52] [INFO] ============================================================
[2025-11-21 13:13:52] [INFO] Hermit Crab 服务器状态
[2025-11-21 13:13:52] [INFO] ============================================================
[2025-11-21 13:13:52] [ERROR] ⚠️  生命周期未初始化
[2025-11-21 13:13:52] [INFO] 
正在从GitHub同步服务器列表...
[2025-11-21 13:13:52] [INFO] 从GitHub拉取: nodes.json
[2025-11-21 13:13:53] [INFO] ✅ 成功拉取服务器列表 (4 个服务器)
[2025-11-21 13:13:53] [INFO] 服务器列表已保存
[2025-11-21 13:13:53] [INFO] 
可用服务器列表:
[2025-11-21 13:13:53] [INFO] ================================================================================
[2025-11-21 13:13:53] [INFO] IP地址               剩余天数         状态           备注                            
[2025-11-21 13:13:53] [INFO] ================================================================================
[2025-11-21 13:13:53] [INFO] 192.168.1.10       -1           active       Initial server                
[2025-11-21 13:13:53] [INFO] 192.168.1.11       8            idle         Backup server                 
[2025-11-21 13:13:53] [INFO] 159.65.104.203     14           idle                                       
[2025-11-21 13:13:53] [INFO] 170.64.226.135     14           idle         当前服务器                         
[2025-11-21 13:13:53] [INFO] ================================================================================
[2025-11-21 13:15:23] [INFO] GitHub仓库已连接: ssfxx0923/hermit-nodes
[2025-11-21 13:15:23] [INFO] CloudFlare API已初始化
[2025-11-21 13:15:23] [INFO] Hermit Crab Agent 已启动
[2025-11-21 13:15:23] [WARNING] 生命周期文件不存在，需要初始化
[2025-11-21 13:15:23] [INFO] ============================================================
[2025-11-21 13:15:23] [INFO] Hermit Crab 服务器状态
[2025-11-21 13:15:23] [INFO] ============================================================
[2025-11-21 13:15:23] [ERROR] ⚠️  生命周期未初始化
[2025-11-21 13:15:23] [INFO] 
正在从GitHub同步服务器列表...
[2025-11-21 13:15:23] [INFO] 从GitHub拉取: nodes.json
[2025-11-21 13:15:24] [INFO] ✅ 成功拉取服务器列表 (4 个服务器)
[2025-11-21 13:15:24] [INFO] 服务器列表已保存
[2025-11-21 13:15:24] [INFO] 
可用服务器列表:
[2025-11-21 13:15:24] [INFO] ================================================================================
[2025-11-21 13:15:24] [INFO] IP地址               剩余天数         状态           备注                            
[2025-11-21 13:15:24] [INFO] ================================================================================
[2025-11-21 13:15:24] [INFO] 192.168.1.10       -1           active       Initial server                
[2025-11-21 13:15:24] [INFO] 192.168.1.11       8            idle         Backup server                 
[2025-11-21 13:15:24] [INFO] 159.65.104.203     14           idle                                       
[2025-11-21 13:15:24] [INFO] 170.64.226.135     14           idle         当前服务器                         
[2025-11-21 13:15:24] [INFO] ================================================================================
[2025-11-21 13:15:37] [INFO] GitHub仓库已连接: ssfxx0923/hermit-nodes
[2025-11-21 13:15:37] [INFO] CloudFlare API已初始化
[2025-11-21 13:15:37] [INFO] Hermit Crab Agent 已启动
[2025-11-21 13:15:37] [INFO] ============================================================
[2025-11-21 13:15:37] [INFO] 初始化 Hermit Crab
[2025-11-21 13:15:37] [INFO] ============================================================
[2025-11-21 13:15:37] [INFO] 生命周期已初始化: 2025-11-21 -> 2025-12-06 (15天)
[2025-11-21 13:15:37] [INFO] 业务域名: a.ssfxx.com
[2025-11-21 13:15:37] [INFO] ✅ 初始化完成
[2025-11-21 13:15:37] [INFO] 剩余时间 14 天，暂不需要迁移
[2025-11-21 13:15:37] [INFO] ============================================================
[2025-11-21 13:15:37] [INFO] Hermit Crab 服务器状态
[2025-11-21 13:15:37] [INFO] ============================================================
[2025-11-21 13:15:37] [INFO] 状态: ✅ HEALTHY
[2025-11-21 13:15:37] [INFO] 当前IP: 170.64.226.135
[2025-11-21 13:15:37] [INFO] 当前域名: a.ssfxx.com
[2025-11-21 13:15:37] [INFO] 添加日期: 2025-11-21
[2025-11-21 13:15:37] [INFO] 过期日期: 2025-12-06
[2025-11-21 13:15:37] [INFO] 剩余天数: 14 天
[2025-11-21 13:15:37] [INFO] 迁移次数: 0
[2025-11-21 13:15:37] [INFO] 需要迁移: 否
[2025-11-21 13:15:37] [INFO] ============================================================
[2025-11-21 13:15:50] [INFO] GitHub仓库已连接: ssfxx0923/hermit-nodes
[2025-11-21 13:15:50] [INFO] CloudFlare API已初始化
[2025-11-21 13:15:50] [INFO] Hermit Crab Agent 已启动
[2025-11-21 13:15:50] [INFO] 剩余时间 14 天，暂不需要迁移
[2025-11-21 13:15:50] [INFO] ============================================================
[2025-11-21 13:15:50] [INFO] Hermit Crab 服务器状态
[2025-11-21 13:15:50] [INFO] ============================================================
[2025-11-21 13:15:50] [INFO] 状态: ✅ HEALTHY
[2025-11-21 13:15:50] [INFO] 当前IP: 170.64.226.135
[2025-11-21 13:15:50] [INFO] 当前域名: a.ssfxx.com
[2025-11-21 13:15:50] [INFO] 添加日期: 2025-11-21
[2025-11-21 13:15:50] [INFO] 过期日期: 2025-12-06
[2025-11-21 13:15:50] [INFO] 剩余天数: 14 天
[2025-11-21 13:15:50] [INFO] 迁移次数: 0
[2025-11-21 13:15:50] [INFO] 需要迁移: 否
[2025-11-21 13:15:50] [INFO] ============================================================
[2025-11-21 13:15:50] [INFO] 
正在从GitHub同步服务器列表...
[2025-11-21 13:15:50] [INFO] 从GitHub拉取: nodes.json
[2025-11-21 13:15:50] [INFO] ✅ 成功拉取服务器列表 (4 个服务器)
[2025-11-21 13:15:50] [INFO] 服务器列表已保存
[2025-11-21 13:15:50] [INFO] 
可用服务器列表:
[2025-11-21 13:15:50] [INFO] ================================================================================
[2025-11-21 13:15:50] [INFO] IP地址               剩余天数         状态           备注                            
[2025-11-21 13:15:50] [INFO] ================================================================================
[2025-11-21 13:15:50] [INFO] 192.168.1.10       -1           active       Initial server                
[2025-11-21 13:15:50] [INFO] 192.168.1.11       8            idle         Backup server                 
[2025-11-21 13:15:50] [INFO] 159.65.104.203     14           idle                                       
[2025-11-21 13:15:50] [INFO] 170.64.226.135     14           idle         当前服务器                         
[2025-11-21 13:15:50] [INFO] ================================================================================
[2025-11-21 13:17:48] [INFO] GitHub仓库已连接: ssfxx0923/hermit-nodes
[2025-11-21 13:17:48] [INFO] CloudFlare API已初始化
[2025-11-21 13:17:48] [INFO] Hermit Crab Agent 已启动
[2025-11-21 13:17:48] [INFO] 从GitHub拉取: nodes.json
[2025-11-21 13:17:48] [INFO] ✅ 成功拉取服务器列表 (4 个服务器)
[2025-11-21 13:17:48] [INFO] 服务器列表已保存
[2025-11-21 13:17:48] [INFO] ================================================================================
[2025-11-21 13:17:48] [INFO] IP地址               剩余天数         状态           备注                            
[2025-11-21 13:17:48] [INFO] ================================================================================
[2025-11-21 13:17:48] [INFO] 192.168.1.10       -1           active       Initial server                
[2025-11-21 13:17:48] [INFO] 192.168.1.11       8            idle         Backup server                 
[2025-11-21 13:17:48] [INFO] 159.65.104.203     14           idle                                       
[2025-11-21 13:17:48] [INFO] 170.64.226.135     14           idle         当前服务器                         
[2025-11-21 13:17:48] [INFO] ================================================================================
[2025-11-21 13:17:57] [INFO] GitHub仓库已连接: ssfxx0923/hermit-nodes
[2025-11-21 13:17:57] [INFO] CloudFlare API已初始化
[2025-11-21 13:17:57] [INFO] Hermit Crab Agent 已启动
[2025-11-21 13:17:57] [INFO] 删除服务器: 192.168.1.10
[2025-11-21 13:17:57] [INFO] 服务器列表已保存
[2025-11-21 13:17:57] [INFO] ✅ 已删除服务器: 192.168.1.10
[2025-11-21 13:17:57] [INFO] ✅ 已从本地列表删除
[2025-11-21 13:17:57] [INFO] 推送服务器列表到GitHub...
[2025-11-21 13:17:59] [INFO] ✅ 服务器列表已更新到GitHub
[2025-11-21 13:17:59] [INFO] ✅ 已同步到GitHub
[2025-11-21 13:18:08] [INFO] GitHub仓库已连接: ssfxx0923/hermit-nodes
[2025-11-21 13:18:08] [INFO] CloudFlare API已初始化
[2025-11-21 13:18:08] [INFO] Hermit Crab Agent 已启动
[2025-11-21 13:18:08] [INFO] 从GitHub拉取: nodes.json
[2025-11-21 13:18:08] [INFO] ✅ 成功拉取服务器列表 (3 个服务器)
[2025-11-21 13:18:08] [INFO] 服务器列表已保存
[2025-11-21 13:18:08] [INFO] ================================================================================
[2025-11-21 13:18:08] [INFO] IP地址               剩余天数         状态           备注                            
[2025-11-21 13:18:08] [INFO] ================================================================================
[2025-11-21 13:18:08] [INFO] 192.168.1.11       8            idle         Backup server                 
[2025-11-21 13:18:08] [INFO] 159.65.104.203     14           idle                                       
[2025-11-21 13:18:08] [INFO] 170.64.226.135     14           idle         当前服务器                         
[2025-11-21 13:18:08] [INFO] ================================================================================
[2025-11-21 13:18:18] [INFO] GitHub仓库已连接: ssfxx0923/hermit-nodes
[2025-11-21 13:18:18] [INFO] CloudFlare API已初始化
[2025-11-21 13:18:18] [INFO] Hermit Crab Agent 已启动
[2025-11-21 13:18:18] [INFO] 删除服务器: 192.168.1.99
[2025-11-21 13:18:18] [WARNING] 未找到服务器: 192.168.1.99
[2025-11-21 13:18:18] [ERROR] ❌ 删除失败
[2025-11-21 13:19:18] [INFO] GitHub仓库已连接: ssfxx0923/hermit-nodes
[2025-11-21 13:19:18] [INFO] CloudFlare API已初始化
[2025-11-21 13:19:18] [INFO] Hermit Crab Agent 已启动
[2025-11-21 13:19:18] [INFO] 删除服务器: 192.168.1.10
[2025-11-21 13:19:18] [WARNING] 未找到服务器: 192.168.1.10
[2025-11-21 13:19:18] [ERROR] ❌ 删除失败
[2025-11-21 13:19:50] [INFO] GitHub仓库已连接: ssfxx0923/hermit-nodes
[2025-11-21 13:19:50] [INFO] CloudFlare API已初始化
[2025-11-21 13:19:50] [INFO] Hermit Crab Agent 已启动
[2025-11-21 13:19:50] [INFO] 删除服务器: 192.168.1.11
[2025-11-21 13:19:50] [INFO] 服务器列表已保存
[2025-11-21 13:19:50] [INFO] ✅ 已删除服务器: 192.168.1.11
[2025-11-21 13:19:50] [INFO] ✅ 已从本地列表删除
[2025-11-21 13:19:50] [INFO] 推送服务器列表到GitHub...
[2025-11-21 13:19:51] [INFO] ✅ 服务器列表已更新到GitHub
[2025-11-21 13:19:51] [INFO] ✅ 已同步到GitHub
[2025-11-21 13:20:14] [INFO] GitHub仓库已连接: ssfxx0923/hermit-nodes
[2025-11-21 13:20:14] [INFO] CloudFlare API已初始化
[2025-11-21 13:20:14] [INFO] Hermit Crab Agent 已启动
[2025-11-21 13:20:14] [INFO] 删除服务器: 170.64.226.135
[2025-11-21 13:20:14] [INFO] 服务器列表已保存
[2025-11-21 13:20:14] [INFO] ✅ 已删除服务器: 170.64.226.135
[2025-11-21 13:20:14] [INFO] ✅ 已从本地列表删除
[2025-11-21 13:20:14] [INFO] 推送服务器列表到GitHub...
[2025-11-21 13:20:15] [INFO] ✅ 服务器列表已更新到GitHub
[2025-11-21 13:20:15] [INFO] ✅ 已同步到GitHub
[2025-11-21 13:21:58] [INFO] GitHub仓库已连接: ssfxx0923/hermit-nodes
[2025-11-21 13:21:58] [INFO] CloudFlare API已初始化
[2025-11-21 13:21:58] [INFO] Hermit Crab Agent 已启动
[2025-11-21 13:21:58] [INFO] 从GitHub拉取: nodes.json
[2025-11-21 13:21:59] [INFO] ✅ 成功拉取服务器列表 (1 个服务器)
[2025-11-21 13:21:59] [INFO] 服务器列表已保存
[2025-11-21 13:21:59] [INFO] ================================================================================
[2025-11-21 13:21:59] [INFO] IP地址               剩余天数         状态           备注                            
[2025-11-21 13:21:59] [INFO] ================================================================================
[2025-11-21 13:21:59] [INFO] 159.65.104.203     14           idle                                       
[2025-11-21 13:21:59] [INFO] ================================================================================
[2025-11-21 13:22:46] [INFO] GitHub仓库已连接: ssfxx0923/hermit-nodes
[2025-11-21 13:22:46] [INFO] CloudFlare API已初始化
[2025-11-21 13:22:46] [INFO] Hermit Crab Agent 已启动
[2025-11-21 13:22:46] [INFO] 剩余时间 14 天，暂不需要迁移
[2025-11-21 13:22:46] [INFO] ============================================================
[2025-11-21 13:22:46] [INFO] Hermit Crab 服务器状态
[2025-11-21 13:22:46] [INFO] ============================================================
[2025-11-21 13:22:46] [INFO] 状态: ✅ HEALTHY
[2025-11-21 13:22:46] [INFO] 当前IP: 170.64.226.135
[2025-11-21 13:22:46] [INFO] 当前域名: a.ssfxx.com
[2025-11-21 13:22:46] [INFO] 添加日期: 2025-11-21
[2025-11-21 13:22:46] [INFO] 过期日期: 2025-12-06
[2025-11-21 13:22:46] [INFO] 剩余天数: 14 天
[2025-11-21 13:22:46] [INFO] 迁移次数: 0
[2025-11-21 13:22:46] [INFO] 需要迁移: 否
[2025-11-21 13:22:46] [INFO] ============================================================
[2025-11-21 13:22:46] [INFO] 
正在从GitHub同步服务器列表...
[2025-11-21 13:22:46] [INFO] 从GitHub拉取: nodes.json
[2025-11-21 13:22:47] [INFO] ✅ 成功拉取服务器列表 (1 个服务器)
[2025-11-21 13:22:47] [INFO] 服务器列表已保存
[2025-11-21 13:22:47] [INFO] 
可用服务器列表:
[2025-11-21 13:22:47] [INFO] ================================================================================
[2025-11-21 13:22:47] [INFO] IP地址               剩余天数         状态           备注                            
[2025-11-21 13:22:47] [INFO] ================================================================================
[2025-11-21 13:22:47] [INFO] 159.65.104.203     14           idle                                       
[2025-11-21 13:22:47] [INFO] ================================================================================
[2025-11-21 13:26:40] [INFO] GitHub仓库已连接: ssfxx0923/hermit-nodes
[2025-11-21 13:26:40] [INFO] CloudFlare API已初始化
[2025-11-21 13:26:40] [INFO] Hermit Crab Agent 已启动
[2025-11-21 13:26:40] [INFO] 从GitHub拉取: nodes.json
[2025-11-21 13:26:40] [INFO] ✅ 成功拉取服务器列表 (1 个服务器)
[2025-11-21 13:26:40] [INFO] 服务器列表已保存
[2025-11-21 13:26:40] [INFO] ================================================================================
[2025-11-21 13:26:40] [INFO] IP地址               剩余天数         状态           备注                            
[2025-11-21 13:26:40] [INFO] ================================================================================
[2025-11-21 13:26:40] [INFO] 159.65.104.203     14           idle                                       
[2025-11-21 13:26:40] [INFO] ================================================================================
[2025-11-21 13:26:49] [INFO] GitHub仓库已连接: ssfxx0923/hermit-nodes
[2025-11-21 13:26:49] [INFO] CloudFlare API已初始化
[2025-11-21 13:26:49] [INFO] Hermit Crab Agent 已启动
[2025-11-21 13:26:49] [INFO] 添加新服务器: 170.64.226.135
[2025-11-21 13:26:49] [INFO] 服务器列表已保存
[2025-11-21 13:26:49] [INFO] 已添加新服务器: 170.64.226.135
[2025-11-21 13:26:49] [INFO] ✅ 已添加到本地列表
[2025-11-21 13:26:49] [INFO] 推送服务器列表到GitHub...
[2025-11-21 13:26:50] [INFO] ✅ 服务器列表已更新到GitHub
[2025-11-21 13:26:50] [INFO] ✅ 已同步到GitHub
[2025-11-21 13:27:53] [INFO] GitHub仓库已连接: ssfxx0923/hermit-nodes
[2025-11-21 13:27:53] [INFO] CloudFlare API已初始化
[2025-11-21 13:27:53] [INFO] Hermit Crab Agent 已启动
[2025-11-21 13:27:53] [INFO] ============================================================
[2025-11-21 13:27:53] [INFO] 开始执行迁移流程
[2025-11-21 13:27:53] [INFO] ============================================================
[2025-11-21 13:27:53] [INFO] 剩余时间 14 天，暂不需要迁移
[2025-11-21 13:27:53] [INFO] 当前服务器剩余: 14 天
[2025-11-21 13:27:53] [WARNING] ⚠️  强制迁移模式：忽略生命周期检查
[2025-11-21 13:27:53] [INFO] 从GitHub同步服务器列表...
[2025-11-21 13:27:53] [INFO] 从GitHub拉取: nodes.json
[2025-11-21 13:27:53] [INFO] ✅ 成功拉取服务器列表 (2 个服务器)
[2025-11-21 13:27:53] [INFO] 服务器列表已保存
[2025-11-21 13:27:53] [INFO] 自动选择目标服务器...
[2025-11-21 13:27:53] [INFO] 找到 2 个可用服务器
[2025-11-21 13:27:53] [INFO] ✅ 选择剩余时间最长的服务器: 159.65.104.203 (剩余 14 天)
[2025-11-21 13:27:53] [INFO] 目标服务器IP: 159.65.104.203
[2025-11-21 13:27:53] [INFO] 目标剩余时间: 14 天
[2025-11-21 13:27:53] [INFO] ✅ 已从环境变量获取SSH密码
[2025-11-21 13:27:54] [INFO] 尝试获取服务器锁: 159.65.104.203
[2025-11-21 13:27:54] [INFO] 从GitHub拉取: nodes.json
[2025-11-21 13:27:54] [INFO] ✅ 成功拉取服务器列表 (2 个服务器)
[2025-11-21 13:27:54] [INFO] 推送服务器列表到GitHub...
[2025-11-21 13:27:56] [INFO] ✅ 服务器列表已更新到GitHub
[2025-11-21 13:27:56] [INFO] ✅ 成功获取服务器锁: 159.65.104.203
[2025-11-21 13:27:56] [INFO] ============================================================
[2025-11-21 13:27:56] [INFO] 开始迁移到目标服务器: 159.65.104.203
[2025-11-21 13:27:56] [INFO] ============================================================
[2025-11-21 13:27:56] [INFO] 测试SSH连接: 159.65.104.203
[2025-11-21 13:27:58] [INFO] SSH连接测试成功
[2025-11-21 13:27:58] [INFO] 配置SSH密钥到 159.65.104.203
[2025-11-21 13:27:58] [INFO] 生成SSH密钥对...
[2025-11-21 13:28:03] [INFO] SSH密钥配置成功
[2025-11-21 13:28:03] [INFO] 在目标服务器备份关键文件...
[2025-11-21 13:28:13] [INFO] 关键文件备份完成
[2025-11-21 13:28:13] [INFO] ============================================================
[2025-11-21 13:28:13] [INFO] 开始Rsync系统文件同步...
[2025-11-21 13:28:13] [INFO] ============================================================
[2025-11-21 13:28:13] [INFO] 执行命令: rsync -aAXvzP --delete --numeric-ids --exclude-from=/root/hermit_crab/config/exclude_list.txt -e "ssh -i /root/.ssh/hermit_crab_id_rsa -o StrictHostKeyChecking=no" / root@159.65.104.203:/
[2025-11-21 13:30:37] [INFO] ✅ Rsync同步完成 (耗时: 144.16秒)
[2025-11-21 13:30:37] [INFO] 恢复目标服务器网络配置...
[2025-11-21 13:32:39] [INFO] 网络配置恢复完成
[2025-11-21 13:32:39] [INFO] ============================================================
[2025-11-21 13:32:39] [INFO] ✅ 迁移完成！
[2025-11-21 13:32:39] [INFO] ============================================================
[2025-11-21 13:32:39] [INFO] ============================================================
[2025-11-21 13:32:39] [INFO] 开始初始化目标服务器
[2025-11-21 13:32:39] [INFO] ============================================================
[2025-11-21 13:32:39] [INFO] 同步配置文件到目标服务器...
[2025-11-21 13:32:39] [WARNING] 配置文件不存在: /root/hermit_crab/config.yaml
[2025-11-21 13:32:39] [ERROR] 初始化过程中发生异常: 'Migrator' object has no attribute 'run_command'
[2025-11-21 13:32:39] [ERROR] ❌ 目标服务器初始化失败
[2025-11-21 13:32:39] [INFO] 从GitHub拉取: nodes.json
[2025-11-21 13:32:40] [INFO] ✅ 成功拉取服务器列表 (2 个服务器)
[2025-11-21 13:32:40] [INFO] 推送服务器列表到GitHub...
[2025-11-21 13:32:41] [INFO] ✅ 服务器列表已更新到GitHub
[2025-11-21 13:32:41] [INFO] ✅ 已释放服务器锁: 159.65.104.203
[2025-11-21 13:36:21] [INFO] GitHub仓库已连接: ssfxx0923/hermit-nodes
[2025-11-21 13:36:21] [INFO] CloudFlare API已初始化
[2025-11-21 13:36:21] [INFO] Hermit Crab Agent 已启动
[2025-11-21 13:36:21] [INFO] 删除服务器: 170.64.226.135
[2025-11-21 13:36:21] [INFO] 服务器列表已保存
[2025-11-21 13:36:21] [INFO] ✅ 已删除服务器: 170.64.226.135
[2025-11-21 13:36:21] [INFO] ✅ 已从本地列表删除
[2025-11-21 13:36:21] [INFO] 推送服务器列表到GitHub...
[2025-11-21 13:36:22] [INFO] ✅ 服务器列表已更新到GitHub
[2025-11-21 13:36:22] [INFO] ✅ 已同步到GitHub
[2025-11-21 13:53:46] [INFO] GitHub仓库已连接: ssfxx0923/hermit-nodes
[2025-11-21 13:53:46] [INFO] CloudFlare API已初始化
[2025-11-21 13:53:46] [INFO] Hermit Crab Agent 已启动
[2025-11-21 13:53:46] [INFO] ============================================================
[2025-11-21 13:53:46] [INFO] 开始执行迁移流程
[2025-11-21 13:53:46] [INFO] 迁移日志: /root/hermit_crab/logs/migrations/migration_20251121_135346.log
[2025-11-21 13:53:46] [INFO] ============================================================
[2025-11-21 13:53:46] [INFO] 剩余时间 14 天，暂不需要迁移
[2025-11-21 13:53:46] [INFO] 当前服务器IP: 170.64.226.135
[2025-11-21 13:53:46] [INFO] 当前服务器剩余: 14 天
[2025-11-21 13:53:46] [WARNING] ⚠️  强制迁移模式：忽略生命周期检查
[2025-11-21 13:53:46] [INFO] 从GitHub同步服务器列表...
[2025-11-21 13:53:46] [INFO] 从GitHub拉取: nodes.json
[2025-11-21 13:53:47] [INFO] ✅ 成功拉取服务器列表 (1 个服务器)
[2025-11-21 13:53:47] [INFO] 服务器列表已保存
[2025-11-21 13:53:47] [INFO] 自动选择目标服务器...
[2025-11-21 13:53:47] [INFO] 找到 1 个可用服务器
[2025-11-21 13:53:47] [INFO] ✅ 选择剩余时间最长的服务器: 159.65.104.203 (剩余 14 天)
[2025-11-21 13:53:47] [INFO] 目标服务器IP: 159.65.104.203
[2025-11-21 13:53:47] [INFO] 目标剩余时间: 14 天
[2025-11-21 13:53:47] [INFO] ✅ 已从环境变量获取SSH密码
[2025-11-21 13:53:47] [INFO] 尝试获取服务器锁: 159.65.104.203
[2025-11-21 13:53:47] [INFO] 从GitHub拉取: nodes.json
[2025-11-21 13:53:47] [INFO] ✅ 成功拉取服务器列表 (1 个服务器)
[2025-11-21 13:53:47] [INFO] 推送服务器列表到GitHub...
[2025-11-21 13:53:49] [INFO] ✅ 服务器列表已更新到GitHub
[2025-11-21 13:53:49] [INFO] ✅ 成功获取服务器锁: 159.65.104.203
[2025-11-21 13:53:49] [INFO] 迁移开始时间: 2025-11-21 13:53:49
[2025-11-21 13:53:49] [INFO] ============================================================
[2025-11-21 13:53:49] [INFO] 开始迁移到目标服务器: 159.65.104.203
[2025-11-21 13:53:49] [INFO] ============================================================
[2025-11-21 13:53:49] [INFO] 测试SSH连接: 159.65.104.203
[2025-11-21 13:53:50] [ERROR] SSH连接失败: @@@@@@@@@@@@@@@@@@@@@@@@@@@@@@@@@@@@@@@@@@@@@@@@@@@@@@@@@@@
@    WARNING: REMOTE HOST IDENTIFICATION HAS CHANGED!     @
@@@@@@@@@@@@@@@@@@@@@@@@@@@@@@@@@@@@@@@@@@@@@@@@@@@@@@@@@@@
IT IS POSSIBLE THAT SOMEONE IS DOING SOMETHING NASTY!
Someone could be eavesdropping on you right now (man-in-the-middle attack)!
It is also possible that a host key has just been changed.
The fingerprint for the ED25519 key sent by the remote host is
SHA256:FKoz/7rHHtJTy/nsHh67xlv6KxgXs+MRRj7BNyDJrAc.
Please contact your system administrator.
Add correct host key in /root/.ssh/known_hosts to get rid of this message.
Offending ECDSA key in /root/.ssh/known_hosts:3
  remove with:
  ssh-keygen -f '/root/.ssh/known_hosts' -R '159.65.104.203'
Password authentication is disabled to avoid man-in-the-middle attacks.
Keyboard-interactive authentication is disabled to avoid man-in-the-middle attacks.
UpdateHostkeys is disabled because the host key is not trusted.
root@159.65.104.203: Permission denied (publickey,password).

[2025-11-21 13:53:50] [ERROR] SSH连接测试失败
[2025-11-21 13:53:50] [ERROR] ❌ 迁移失败
[2025-11-21 13:53:50] [INFO] 从GitHub拉取: nodes.json
[2025-11-21 13:53:51] [INFO] ✅ 成功拉取服务器列表 (1 个服务器)
[2025-11-21 13:53:51] [INFO] 推送服务器列表到GitHub...
[2025-11-21 13:53:52] [INFO] ✅ 服务器列表已更新到GitHub
[2025-11-21 13:53:52] [INFO] ✅ 已释放服务器锁: 159.65.104.203
[2025-11-21 13:56:41] [INFO] GitHub仓库已连接: ssfxx0923/hermit-nodes
[2025-11-21 13:56:41] [INFO] CloudFlare API已初始化
[2025-11-21 13:56:41] [INFO] Hermit Crab Agent 已启动
[2025-11-21 13:56:41] [INFO] ============================================================
[2025-11-21 13:56:41] [INFO] 开始执行迁移流程
[2025-11-21 13:56:41] [INFO] 迁移日志: /root/hermit_crab/logs/migrations/migration_20251121_135641.log
[2025-11-21 13:56:41] [INFO] ============================================================
[2025-11-21 13:56:41] [INFO] 剩余时间 14 天，暂不需要迁移
[2025-11-21 13:56:41] [INFO] 当前服务器IP: 170.64.226.135
[2025-11-21 13:56:41] [INFO] 当前服务器剩余: 14 天
[2025-11-21 13:56:41] [WARNING] ⚠️  强制迁移模式：忽略生命周期检查
[2025-11-21 13:56:41] [INFO] 从GitHub同步服务器列表...
[2025-11-21 13:56:41] [INFO] 从GitHub拉取: nodes.json
[2025-11-21 13:56:41] [INFO] ✅ 成功拉取服务器列表 (1 个服务器)
[2025-11-21 13:56:41] [INFO] 服务器列表已保存
[2025-11-21 13:56:41] [INFO] 自动选择目标服务器...
[2025-11-21 13:56:41] [INFO] 找到 1 个可用服务器
[2025-11-21 13:56:41] [INFO] ✅ 选择剩余时间最长的服务器: 159.65.104.203 (剩余 14 天)
[2025-11-21 13:56:41] [INFO] 目标服务器IP: 159.65.104.203
[2025-11-21 13:56:41] [INFO] 目标剩余时间: 14 天
[2025-11-21 13:56:41] [INFO] ✅ 已从环境变量获取SSH密码
[2025-11-21 13:56:41] [INFO] 尝试获取服务器锁: 159.65.104.203
[2025-11-21 13:56:41] [INFO] 从GitHub拉取: nodes.json
[2025-11-21 13:56:42] [INFO] ✅ 成功拉取服务器列表 (1 个服务器)
[2025-11-21 13:56:42] [INFO] 推送服务器列表到GitHub...
[2025-11-21 13:56:43] [INFO] ✅ 服务器列表已更新到GitHub
[2025-11-21 13:56:43] [INFO] ✅ 成功获取服务器锁: 159.65.104.203
[2025-11-21 13:56:43] [INFO] 迁移开始时间: 2025-11-21 13:56:43
[2025-11-21 13:56:43] [INFO] ============================================================
[2025-11-21 13:56:43] [INFO] 开始迁移到目标服务器: 159.65.104.203
[2025-11-21 13:56:43] [INFO] ============================================================
[2025-11-21 13:56:43] [INFO] 测试SSH连接: 159.65.104.203
[2025-11-21 13:56:45] [ERROR] SSH连接失败: @@@@@@@@@@@@@@@@@@@@@@@@@@@@@@@@@@@@@@@@@@@@@@@@@@@@@@@@@@@
@    WARNING: REMOTE HOST IDENTIFICATION HAS CHANGED!     @
@@@@@@@@@@@@@@@@@@@@@@@@@@@@@@@@@@@@@@@@@@@@@@@@@@@@@@@@@@@
IT IS POSSIBLE THAT SOMEONE IS DOING SOMETHING NASTY!
Someone could be eavesdropping on you right now (man-in-the-middle attack)!
It is also possible that a host key has just been changed.
The fingerprint for the ED25519 key sent by the remote host is
SHA256:FKoz/7rHHtJTy/nsHh67xlv6KxgXs+MRRj7BNyDJrAc.
Please contact your system administrator.
Add correct host key in /root/.ssh/known_hosts to get rid of this message.
Offending ECDSA key in /root/.ssh/known_hosts:3
  remove with:
  ssh-keygen -f '/root/.ssh/known_hosts' -R '159.65.104.203'
Password authentication is disabled to avoid man-in-the-middle attacks.
Keyboard-interactive authentication is disabled to avoid man-in-the-middle attacks.
UpdateHostkeys is disabled because the host key is not trusted.
root@159.65.104.203: Permission denied (publickey,password).

[2025-11-21 13:56:45] [ERROR] SSH连接测试失败
[2025-11-21 13:56:45] [ERROR] ❌ 迁移失败
[2025-11-21 13:56:45] [INFO] 从GitHub拉取: nodes.json
[2025-11-21 13:56:45] [INFO] ✅ 成功拉取服务器列表 (1 个服务器)
[2025-11-21 13:56:45] [INFO] 推送服务器列表到GitHub...
[2025-11-21 13:56:47] [INFO] ✅ 服务器列表已更新到GitHub
[2025-11-21 13:56:47] [INFO] ✅ 已释放服务器锁: 159.65.104.203
[2025-11-21 13:59:46] [INFO] GitHub仓库已连接: ssfxx0923/hermit-nodes
[2025-11-21 13:59:46] [INFO] CloudFlare API已初始化
[2025-11-21 13:59:46] [INFO] Hermit Crab Agent 已启动
[2025-11-21 13:59:46] [INFO] ============================================================
[2025-11-21 13:59:46] [INFO] 开始执行迁移流程
[2025-11-21 13:59:46] [INFO] 迁移日志: /root/hermit_crab/logs/migrations/migration_20251121_135946.log
[2025-11-21 13:59:46] [INFO] ============================================================
[2025-11-21 13:59:46] [INFO] 剩余时间 14 天，暂不需要迁移
[2025-11-21 13:59:46] [INFO] 当前服务器IP: 170.64.226.135
[2025-11-21 13:59:46] [INFO] 当前服务器剩余: 14 天
[2025-11-21 13:59:46] [WARNING] ⚠️  强制迁移模式：忽略生命周期检查
[2025-11-21 13:59:46] [INFO] 从GitHub同步服务器列表...
[2025-11-21 13:59:46] [INFO] 从GitHub拉取: nodes.json
[2025-11-21 13:59:47] [INFO] ✅ 成功拉取服务器列表 (1 个服务器)
[2025-11-21 13:59:47] [INFO] 服务器列表已保存
[2025-11-21 13:59:47] [INFO] 自动选择目标服务器...
[2025-11-21 13:59:47] [INFO] 找到 1 个可用服务器
[2025-11-21 13:59:47] [INFO] ✅ 选择剩余时间最长的服务器: 159.65.104.203 (剩余 14 天)
[2025-11-21 13:59:47] [INFO] 目标服务器IP: 159.65.104.203
[2025-11-21 13:59:47] [INFO] 目标剩余时间: 14 天
[2025-11-21 13:59:47] [INFO] ✅ 已从环境变量获取SSH密码
[2025-11-21 13:59:47] [INFO] 尝试获取服务器锁: 159.65.104.203
[2025-11-21 13:59:47] [INFO] 从GitHub拉取: nodes.json
[2025-11-21 13:59:47] [INFO] ✅ 成功拉取服务器列表 (1 个服务器)
[2025-11-21 13:59:47] [INFO] 推送服务器列表到GitHub...
[2025-11-21 13:59:49] [INFO] ✅ 服务器列表已更新到GitHub
[2025-11-21 13:59:49] [INFO] ✅ 成功获取服务器锁: 159.65.104.203
[2025-11-21 13:59:49] [INFO] 迁移开始时间: 2025-11-21 13:59:49
[2025-11-21 13:59:49] [INFO] ============================================================
[2025-11-21 13:59:49] [INFO] 开始迁移到目标服务器: 159.65.104.203
[2025-11-21 13:59:49] [INFO] ============================================================
[2025-11-21 13:59:49] [INFO] 测试SSH连接: 159.65.104.203
[2025-11-21 13:59:52] [INFO] SSH连接测试成功
[2025-11-21 13:59:52] [INFO] 配置SSH密钥到 159.65.104.203
[2025-11-21 13:59:56] [INFO] SSH密钥配置成功
[2025-11-21 13:59:56] [INFO] 在目标服务器备份关键文件...
[2025-11-21 14:00:06] [INFO] 关键文件备份完成
[2025-11-21 14:00:06] [INFO] ============================================================
[2025-11-21 14:00:06] [INFO] 开始Rsync系统文件同步...
[2025-11-21 14:00:06] [INFO] ============================================================
[2025-11-21 14:00:06] [INFO] 执行命令: rsync -aAXvzP --delete --numeric-ids --exclude-from=/root/hermit_crab/config/exclude_list.txt -e "ssh -i /root/.ssh/hermit_crab_id_rsa -o StrictHostKeyChecking=no" / root@159.65.104.203:/
[2025-11-21 14:00:06] [INFO] Rsync 传输中，实时进度显示：
[2025-11-21 14:00:06] [INFO] ------------------------------------------------------------
[2025-11-21 14:03:02] [INFO] ------------------------------------------------------------
[2025-11-21 14:03:02] [INFO] 传输统计: 共处理 268945 个文件/目录
[2025-11-21 14:03:02] [INFO] ✅ Rsync同步完成 (耗时: 176.13秒)
[2025-11-21 14:03:02] [INFO] 恢复目标服务器网络配置...
[2025-11-21 14:03:12] [INFO] 网络配置恢复完成
[2025-11-21 14:03:12] [INFO] ============================================================
[2025-11-21 14:03:12] [INFO] ✅ 迁移完成！
[2025-11-21 14:03:12] [INFO] ============================================================
[2025-11-21 14:03:12] [INFO] ============================================================
[2025-11-21 14:03:12] [INFO] 开始初始化目标服务器
[2025-11-21 14:03:12] [INFO] ============================================================
[2025-11-21 14:03:12] [INFO] 同步配置文件到目标服务器...
[2025-11-21 14:03:12] [WARNING] 配置文件不存在: /root/hermit_crab/config.yaml
[2025-11-21 14:03:15] [INFO] ✅ 已同步: /root/hermit_crab/data/nodes.json
[2025-11-21 14:03:15] [INFO] 更新目标服务器生命周期信息...
[2025-11-21 14:03:17] [ERROR] ❌ 更新生命周期失败: Traceback (most recent call last):
  File "/root/hermit_crab/agent.py", line 15, in <module>
    from modules import (
    ...<3 lines>...
    )
  File "/root/hermit_crab/modules/__init__.py", line 13, in <module>
    from .github_sync import GitHubSync
  File "/root/hermit_crab/modules/github_sync.py", line 9, in <module>
    from github import Github, GithubException
  File "/usr/local/lib/python3.13/dist-packages/github/__init__.py", line 54, in <module>
    from . import Auth
  File "/usr/local/lib/python3.13/dist-packages/github/Auth.py", line 41, in <module>
    from requests import utils
  File "/usr/local/lib/python3.13/dist-packages/requests/__init__.py", line 151, in <module>
    from . import packages, utils
  File "/usr/local/lib/python3.13/dist-packages/requests/packages.py", line 9, in <module>
    locals()[package] = __import__(package)
                        ~~~~~~~~~~^^^^^^^^^
  File "/usr/local/lib/python3.13/dist-packages/idna/__init__.py", line 1, in <module>
    from .core import (
    ...<18 lines>...
    )
ModuleNotFoundError: No module named 'idna.core'

[2025-11-21 14:03:17] [ERROR] ❌ 目标服务器初始化失败
[2025-11-21 14:03:17] [WARNING] ⚠️  迁移主体完成但初始化失败，需要手动完成初始化
[2025-11-21 14:03:17] [INFO] 更新DNS: a -> 159.65.104.203
[2025-11-21 14:03:17] [INFO] 更新域名解析: a.ssfxx.com -> 159.65.104.203
[2025-11-21 14:03:17] [INFO] 找到DNS记录: a.ssfxx.com -> 192.168.1.1
[2025-11-21 14:03:18] [INFO] ✅ DNS记录已更新: a.ssfxx.com 192.168.1.1 -> 159.65.104.203
[2025-11-21 14:03:18] [INFO] ✅ DNS已更新
[2025-11-21 14:03:18] [INFO] 更新服务器状态...
[2025-11-21 14:03:18] [INFO] 从GitHub拉取: nodes.json
[2025-11-21 14:03:18] [INFO] ✅ 成功拉取服务器列表 (1 个服务器)
[2025-11-21 14:03:18] [INFO] 服务器 159.65.104.203 状态已更新: active
[2025-11-21 14:03:18] [INFO] 推送服务器列表到GitHub...
[2025-11-21 14:03:20] [INFO] ✅ 服务器列表已更新到GitHub
[2025-11-21 14:03:20] [INFO] 删除源服务器: 170.64.226.135
[2025-11-21 14:03:20] [INFO] 从GitHub拉取: nodes.json
[2025-11-21 14:03:20] [INFO] ✅ 成功拉取服务器列表 (1 个服务器)
[2025-11-21 14:03:20] [INFO] 推送服务器列表到GitHub...
[2025-11-21 14:03:22] [INFO] ✅ 服务器列表已更新到GitHub
[2025-11-21 14:03:22] [INFO] 迁移记录已添加: 159.65.104.203
[2025-11-21 14:03:22] [INFO] ============================================================
[2025-11-21 14:03:22] [INFO] 🎉 迁移流程全部完成！
[2025-11-21 14:03:22] [INFO] ============================================================
[2025-11-21 14:03:22] [INFO] 源服务器IP: 170.64.226.135
[2025-11-21 14:03:22] [INFO] 目标服务器IP: 159.65.104.203
[2025-11-21 14:03:22] [INFO] 迁移开始时间: 2025-11-21 13:59:49
[2025-11-21 14:03:22] [INFO] 迁移结束时间: 2025-11-21 14:03:22
[2025-11-21 14:03:22] [INFO] 总耗时: 213.29秒 (3.6分钟)
[2025-11-21 14:03:22] [INFO] 迁移日志已保存: /root/hermit_crab/logs/migrations/migration_20251121_135946.log
[2025-11-21 14:03:22] [INFO] ============================================================
[2025-11-21 14:26:14] [INFO] GitHub仓库已连接: ssfxx0923/hermit-nodes
[2025-11-21 14:26:14] [INFO] CloudFlare API已初始化
[2025-11-21 14:26:14] [INFO] Hermit Crab Agent 已启动
[2025-11-21 14:26:14] [INFO] 删除服务器: 159.65.104.203
[2025-11-21 14:26:14] [INFO] 服务器列表已保存
[2025-11-21 14:26:14] [INFO] ✅ 已删除服务器: 159.65.104.203
[2025-11-21 14:26:14] [INFO] ✅ 已从本地列表删除
[2025-11-21 14:26:14] [INFO] 推送服务器列表到GitHub...
[2025-11-21 14:26:15] [INFO] ✅ 服务器列表已更新到GitHub
[2025-11-21 14:26:15] [INFO] ✅ 已同步到GitHub
[2025-11-21 14:27:01] [INFO] GitHub仓库已连接: ssfxx0923/hermit-nodes
[2025-11-21 14:27:01] [INFO] CloudFlare API已初始化
[2025-11-21 14:27:01] [INFO] Hermit Crab Agent 已启动
[2025-11-21 14:27:01] [INFO] 添加新服务器: 159.65.104.203
[2025-11-21 14:27:01] [INFO] 服务器列表已保存
[2025-11-21 14:27:01] [INFO] 已添加新服务器: 159.65.104.203
[2025-11-21 14:27:01] [INFO] ✅ 已添加到本地列表
[2025-11-21 14:27:01] [INFO] 推送服务器列表到GitHub...
[2025-11-21 14:27:03] [INFO] ✅ 服务器列表已更新到GitHub
[2025-11-21 14:27:03] [INFO] ✅ 已同步到GitHub
[2025-11-21 14:28:27] [INFO] GitHub仓库已连接: ssfxx0923/hermit-nodes
[2025-11-21 14:28:27] [INFO] CloudFlare API已初始化
[2025-11-21 14:28:27] [INFO] Hermit Crab Agent 已启动
[2025-11-21 14:28:27] [INFO] ============================================================
[2025-11-21 14:28:27] [INFO] 开始执行迁移流程
[2025-11-21 14:28:27] [INFO] 迁移日志: /root/hermit_crab/logs/migrations/migration_20251121_142827.log
[2025-11-21 14:28:27] [INFO] ============================================================
[2025-11-21 14:28:27] [INFO] 剩余时间 14 天，暂不需要迁移
[2025-11-21 14:28:27] [INFO] 当前服务器IP: 170.64.226.135
[2025-11-21 14:28:27] [INFO] 当前服务器剩余: 14 天
[2025-11-21 14:28:27] [WARNING] ⚠️  强制迁移模式：忽略生命周期检查
[2025-11-21 14:28:27] [INFO] 从GitHub同步服务器列表...
[2025-11-21 14:28:27] [INFO] 从GitHub拉取: nodes.json
[2025-11-21 14:28:28] [INFO] ✅ 成功拉取服务器列表 (1 个服务器)
[2025-11-21 14:28:28] [INFO] 服务器列表已保存
[2025-11-21 14:28:28] [INFO] 自动选择目标服务器...
[2025-11-21 14:28:28] [INFO] 找到 1 个可用服务器
[2025-11-21 14:28:28] [INFO] ✅ 选择剩余时间最长的服务器: 159.65.104.203 (剩余 14 天)
[2025-11-21 14:28:28] [INFO] 目标服务器IP: 159.65.104.203
[2025-11-21 14:28:28] [INFO] 目标剩余时间: 14 天
[2025-11-21 14:28:28] [INFO] ✅ 已从环境变量获取SSH密码
[2025-11-21 14:28:28] [INFO] 尝试获取服务器锁: 159.65.104.203
[2025-11-21 14:28:28] [INFO] 从GitHub拉取: nodes.json
[2025-11-21 14:28:28] [INFO] ✅ 成功拉取服务器列表 (1 个服务器)
[2025-11-21 14:28:28] [INFO] 推送服务器列表到GitHub...
[2025-11-21 14:28:30] [INFO] ✅ 服务器列表已更新到GitHub
[2025-11-21 14:28:30] [INFO] ✅ 成功获取服务器锁: 159.65.104.203
[2025-11-21 14:28:30] [INFO] 迁移开始时间: 2025-11-21 14:28:30
[2025-11-21 14:28:30] [INFO] ============================================================
[2025-11-21 14:28:30] [INFO] 开始迁移到目标服务器: 159.65.104.203
[2025-11-21 14:28:30] [INFO] ============================================================
[2025-11-21 14:28:30] [INFO] 测试SSH连接: 159.65.104.203
[2025-11-21 14:28:33] [INFO] SSH连接测试成功
[2025-11-21 14:28:33] [INFO] 配置SSH密钥到 159.65.104.203
[2025-11-21 14:28:37] [INFO] SSH密钥配置成功
[2025-11-21 14:28:37] [INFO] 在目标服务器备份关键文件...
[2025-11-21 14:28:47] [INFO] 关键文件备份完成
[2025-11-21 14:28:47] [INFO] ============================================================
[2025-11-21 14:28:47] [INFO] 开始Rsync系统文件同步...
[2025-11-21 14:28:47] [INFO] ============================================================
[2025-11-21 14:28:47] [INFO] 执行命令: rsync -aAXvzP --delete --numeric-ids --exclude-from=/root/hermit_crab/config/exclude_list.txt -e "ssh -i /root/.ssh/hermit_crab_id_rsa -o StrictHostKeyChecking=no" / root@159.65.104.203:/
[2025-11-21 14:28:47] [INFO] Rsync 传输中，实时进度显示：
[2025-11-21 14:28:47] [INFO] ------------------------------------------------------------
[2025-11-21 14:31:37] [INFO] ------------------------------------------------------------
[2025-11-21 14:31:37] [INFO] 传输统计: 共处理 246824 个文件/目录
[2025-11-21 14:31:37] [INFO] ✅ Rsync同步完成 (耗时: 170.28秒)
[2025-11-21 14:31:37] [INFO] 恢复目标服务器网络配置...
[2025-11-21 14:31:47] [INFO] 网络配置恢复完成
[2025-11-21 14:31:47] [INFO] ============================================================
[2025-11-21 14:31:47] [INFO] ✅ 迁移完成！
[2025-11-21 14:31:47] [INFO] ============================================================
[2025-11-21 14:31:47] [INFO] ============================================================
[2025-11-21 14:31:47] [INFO] 开始初始化目标服务器
[2025-11-21 14:31:47] [INFO] ============================================================
[2025-11-21 14:31:47] [INFO] 同步配置文件到目标服务器...
[2025-11-21 14:31:47] [WARNING] 配置文件不存在: /root/hermit_crab/config.yaml
[2025-11-21 14:31:51] [INFO] ✅ 已同步: /root/hermit_crab/data/nodes.json
[2025-11-21 14:31:51] [INFO] 更新目标服务器生命周期信息...
[2025-11-21 14:31:53] [ERROR] ❌ 更新生命周期失败: Traceback (most recent call last):
  File "/root/hermit_crab/agent.py", line 15, in <module>
    from modules import (
    ...<3 lines>...
    )
  File "/root/hermit_crab/modules/__init__.py", line 13, in <module>
    from .github_sync import GitHubSync
  File "/root/hermit_crab/modules/github_sync.py", line 9, in <module>
    from github import Github, GithubException
  File "/usr/local/lib/python3.13/dist-packages/github/__init__.py", line 54, in <module>
    from . import Auth
  File "/usr/local/lib/python3.13/dist-packages/github/Auth.py", line 41, in <module>
    from requests import utils
  File "/usr/local/lib/python3.13/dist-packages/requests/__init__.py", line 151, in <module>
    from . import packages, utils
  File "/usr/local/lib/python3.13/dist-packages/requests/packages.py", line 9, in <module>
    locals()[package] = __import__(package)
                        ~~~~~~~~~~^^^^^^^^^
  File "/usr/local/lib/python3.13/dist-packages/idna/__init__.py", line 1, in <module>
    from .core import (
    ...<18 lines>...
    )
ModuleNotFoundError: No module named 'idna.core'

[2025-11-21 14:31:53] [ERROR] ❌ 目标服务器初始化失败
[2025-11-21 14:31:53] [WARNING] ⚠️  迁移主体完成但初始化失败，需要手动完成初始化
[2025-11-21 14:31:53] [INFO] 更新DNS: a -> 159.65.104.203
[2025-11-21 14:31:53] [INFO] 更新域名解析: a.ssfxx.com -> 159.65.104.203
[2025-11-21 14:31:53] [INFO] 找到DNS记录: a.ssfxx.com -> 159.65.104.203
[2025-11-21 14:31:53] [INFO] DNS记录IP未变化: 159.65.104.203
[2025-11-21 14:31:53] [INFO] ✅ DNS已更新
[2025-11-21 14:31:53] [INFO] 更新服务器状态...
[2025-11-21 14:31:53] [INFO] 从GitHub拉取: nodes.json
[2025-11-21 14:31:54] [INFO] ✅ 成功拉取服务器列表 (1 个服务器)
[2025-11-21 14:31:54] [INFO] 服务器 159.65.104.203 状态已更新: active
[2025-11-21 14:31:54] [INFO] 推送服务器列表到GitHub...
[2025-11-21 14:31:56] [INFO] ✅ 服务器列表已更新到GitHub
[2025-11-21 14:31:56] [INFO] 删除源服务器: 170.64.226.135
[2025-11-21 14:31:56] [INFO] 从GitHub拉取: nodes.json
[2025-11-21 14:31:56] [INFO] ✅ 成功拉取服务器列表 (1 个服务器)
[2025-11-21 14:31:56] [INFO] 推送服务器列表到GitHub...
[2025-11-21 14:31:58] [INFO] ✅ 服务器列表已更新到GitHub
[2025-11-21 14:31:58] [INFO] 迁移记录已添加: 159.65.104.203
[2025-11-21 14:31:58] [INFO] ============================================================
[2025-11-21 14:31:58] [INFO] 🎉 迁移流程全部完成！
[2025-11-21 14:31:58] [INFO] ============================================================
[2025-11-21 14:31:58] [INFO] 源服务器IP: 170.64.226.135
[2025-11-21 14:31:58] [INFO] 目标服务器IP: 159.65.104.203
[2025-11-21 14:31:58] [INFO] 迁移开始时间: 2025-11-21 14:28:30
[2025-11-21 14:31:58] [INFO] 迁移结束时间: 2025-11-21 14:31:58
[2025-11-21 14:31:58] [INFO] 总耗时: 207.82秒 (3.5分钟)
[2025-11-21 14:31:58] [INFO] 迁移日志已保存: /root/hermit_crab/logs/migrations/migration_20251121_142827.log
[2025-11-21 14:31:58] [INFO] ============================================================
[2025-11-21 14:45:58] [INFO] GitHub仓库已连接: ssfxx0923/hermit-nodes
[2025-11-21 14:45:58] [INFO] CloudFlare API已初始化
[2025-11-21 14:45:58] [INFO] Hermit Crab Agent 已启动
[2025-11-21 14:45:58] [INFO] 删除服务器: 159.65.104.203
[2025-11-21 14:45:58] [INFO] 服务器列表已保存
[2025-11-21 14:45:58] [INFO] ✅ 已删除服务器: 159.65.104.203
[2025-11-21 14:45:58] [INFO] ✅ 已从本地列表删除
[2025-11-21 14:45:58] [INFO] 推送服务器列表到GitHub...
[2025-11-21 14:46:00] [INFO] ✅ 服务器列表已更新到GitHub
[2025-11-21 14:46:00] [INFO] ✅ 已同步到GitHub
[2025-11-21 14:46:04] [INFO] GitHub仓库已连接: ssfxx0923/hermit-nodes
[2025-11-21 14:46:04] [INFO] CloudFlare API已初始化
[2025-11-21 14:46:04] [INFO] Hermit Crab Agent 已启动
[2025-11-21 14:46:04] [INFO] 添加新服务器: 159.65.104.203
[2025-11-21 14:46:04] [INFO] 服务器列表已保存
[2025-11-21 14:46:04] [INFO] 已添加新服务器: 159.65.104.203
[2025-11-21 14:46:04] [INFO] ✅ 已添加到本地列表
[2025-11-21 14:46:04] [INFO] 推送服务器列表到GitHub...
[2025-11-21 14:46:05] [INFO] ✅ 服务器列表已更新到GitHub
[2025-11-21 14:46:05] [INFO] ✅ 已同步到GitHub
[2025-11-21 14:46:10] [INFO] GitHub仓库已连接: ssfxx0923/hermit-nodes
[2025-11-21 14:46:10] [INFO] CloudFlare API已初始化
[2025-11-21 14:46:10] [INFO] Hermit Crab Agent 已启动
[2025-11-21 14:46:10] [INFO] ============================================================
[2025-11-21 14:46:10] [INFO] 开始执行迁移流程
[2025-11-21 14:46:10] [INFO] 迁移日志: /root/hermit_crab/logs/migrations/migration_20251121_144610.log
[2025-11-21 14:46:10] [INFO] ============================================================
[2025-11-21 14:46:10] [INFO] 剩余时间 14 天，暂不需要迁移
[2025-11-21 14:46:10] [INFO] 当前服务器IP: 170.64.226.135
[2025-11-21 14:46:10] [INFO] 当前服务器剩余: 14 天
[2025-11-21 14:46:10] [WARNING] ⚠️  强制迁移模式：忽略生命周期检查
[2025-11-21 14:46:10] [INFO] 从GitHub同步服务器列表...
[2025-11-21 14:46:10] [INFO] 从GitHub拉取: nodes.json
[2025-11-21 14:46:11] [INFO] ✅ 成功拉取服务器列表 (1 个服务器)
[2025-11-21 14:46:11] [INFO] 服务器列表已保存
[2025-11-21 14:46:11] [INFO] 自动选择目标服务器...
[2025-11-21 14:46:11] [INFO] 找到 1 个可用服务器
[2025-11-21 14:46:11] [INFO] ✅ 选择剩余时间最长的服务器: 159.65.104.203 (剩余 14 天)
[2025-11-21 14:46:11] [INFO] 目标服务器IP: 159.65.104.203
[2025-11-21 14:46:11] [INFO] 目标剩余时间: 14 天
[2025-11-21 14:46:11] [INFO] ✅ 已从环境变量获取SSH密码
[2025-11-21 14:46:11] [INFO] 尝试获取服务器锁: 159.65.104.203
[2025-11-21 14:46:11] [INFO] 从GitHub拉取: nodes.json
[2025-11-21 14:46:11] [INFO] ✅ 成功拉取服务器列表 (1 个服务器)
[2025-11-21 14:46:11] [INFO] 推送服务器列表到GitHub...
[2025-11-21 14:46:13] [INFO] ✅ 服务器列表已更新到GitHub
[2025-11-21 14:46:13] [INFO] ✅ 成功获取服务器锁: 159.65.104.203
[2025-11-21 14:46:13] [INFO] 迁移开始时间: 2025-11-21 14:46:13
[2025-11-21 14:46:13] [INFO] ============================================================
[2025-11-21 14:46:13] [INFO] 开始迁移到目标服务器: 159.65.104.203
[2025-11-21 14:46:13] [INFO] ============================================================
[2025-11-21 14:46:13] [INFO] 测试SSH连接: 159.65.104.203
[2025-11-21 14:46:16] [INFO] SSH连接测试成功
[2025-11-21 14:46:16] [INFO] 配置SSH密钥到 159.65.104.203
[2025-11-21 14:46:20] [INFO] SSH密钥配置成功
[2025-11-21 14:46:20] [INFO] 在目标服务器备份关键文件...
[2025-11-21 14:46:30] [INFO] 关键文件备份完成
[2025-11-21 14:46:30] [INFO] ============================================================
[2025-11-21 14:46:30] [INFO] 开始Rsync系统文件同步...
[2025-11-21 14:46:30] [INFO] ============================================================
[2025-11-21 14:46:30] [INFO] 执行命令: rsync -aAXvzP --delete --numeric-ids --exclude-from=/root/hermit_crab/config/exclude_list.txt -e "ssh -i /root/.ssh/hermit_crab_id_rsa -o StrictHostKeyChecking=no" / root@159.65.104.203:/
[2025-11-21 14:46:30] [INFO] Rsync 传输中，实时进度显示：
[2025-11-21 14:46:30] [INFO] ------------------------------------------------------------
[2025-11-21 14:49:21] [INFO] ------------------------------------------------------------
[2025-11-21 14:49:21] [INFO] 传输统计: 共处理 246842 个文件/目录
[2025-11-21 14:49:21] [INFO] ✅ Rsync同步完成 (耗时: 171.12秒)
[2025-11-21 14:49:21] [INFO] 恢复目标服务器网络配置...
[2025-11-21 14:49:31] [INFO] 网络配置恢复完成
[2025-11-21 14:49:31] [INFO] ============================================================
[2025-11-21 14:49:31] [INFO] ✅ 迁移完成！
[2025-11-21 14:49:31] [INFO] ============================================================
[2025-11-21 14:49:31] [INFO] ============================================================
[2025-11-21 14:49:31] [INFO] 开始初始化目标服务器
[2025-11-21 14:49:31] [INFO] ============================================================
[2025-11-21 14:49:31] [INFO] 同步配置文件到目标服务器...
[2025-11-21 14:49:34] [INFO] ✅ 已同步: /root/hermit_crab/.env
[2025-11-21 14:49:38] [INFO] ✅ 已同步: /root/hermit_crab/data/nodes.json
[2025-11-21 14:49:38] [INFO] 清理 Python 字节码缓存...
[2025-11-21 14:49:46] [INFO] ✅ Python 缓存清理完成
[2025-11-21 14:49:46] [INFO] 更新目标服务器生命周期信息...
[2025-11-21 14:49:49] [ERROR] ❌ 更新生命周期失败: Traceback (most recent call last):
  File "/root/hermit_crab/agent.py", line 15, in <module>
    from modules import (
    ...<3 lines>...
    )
  File "/root/hermit_crab/modules/__init__.py", line 13, in <module>
    from .github_sync import GitHubSync
  File "/root/hermit_crab/modules/github_sync.py", line 9, in <module>
    from github import Github, GithubException
  File "/usr/local/lib/python3.13/dist-packages/github/__init__.py", line 54, in <module>
    from . import Auth
  File "/usr/local/lib/python3.13/dist-packages/github/Auth.py", line 41, in <module>
    from requests import utils
  File "/usr/local/lib/python3.13/dist-packages/requests/__init__.py", line 151, in <module>
    from . import packages, utils
  File "/usr/local/lib/python3.13/dist-packages/requests/packages.py", line 9, in <module>
    locals()[package] = __import__(package)
                        ~~~~~~~~~~^^^^^^^^^
  File "/usr/local/lib/python3.13/dist-packages/idna/__init__.py", line 1, in <module>
    from .core import (
    ...<18 lines>...
    )
ModuleNotFoundError: No module named 'idna.core'

[2025-11-21 14:49:49] [ERROR] ❌ 目标服务器初始化失败
[2025-11-21 14:49:49] [WARNING] ⚠️  迁移主体完成但初始化失败，需要手动完成初始化
[2025-11-21 14:49:49] [INFO] 更新DNS: a -> 159.65.104.203
[2025-11-21 14:49:49] [INFO] 更新域名解析: a.ssfxx.com -> 159.65.104.203
[2025-11-21 14:49:50] [INFO] 找到DNS记录: a.ssfxx.com -> 159.65.104.203
[2025-11-21 14:49:50] [INFO] DNS记录IP未变化: 159.65.104.203
[2025-11-21 14:49:50] [INFO] ✅ DNS已更新
[2025-11-21 14:49:50] [INFO] 更新服务器状态...
[2025-11-21 14:49:50] [INFO] 从GitHub拉取: nodes.json
[2025-11-21 14:49:51] [INFO] ✅ 成功拉取服务器列表 (1 个服务器)
[2025-11-21 14:49:51] [INFO] 服务器 159.65.104.203 状态已更新: active
[2025-11-21 14:49:51] [INFO] 推送服务器列表到GitHub...
[2025-11-21 14:49:52] [INFO] ✅ 服务器列表已更新到GitHub
[2025-11-21 14:49:52] [INFO] 删除源服务器: 170.64.226.135
[2025-11-21 14:49:52] [INFO] 从GitHub拉取: nodes.json
[2025-11-21 14:49:53] [INFO] ✅ 成功拉取服务器列表 (1 个服务器)
[2025-11-21 14:49:53] [INFO] 推送服务器列表到GitHub...
[2025-11-21 14:49:54] [INFO] ✅ 服务器列表已更新到GitHub
[2025-11-21 14:49:54] [INFO] 迁移记录已添加: 159.65.104.203
[2025-11-21 14:49:54] [INFO] ============================================================
[2025-11-21 14:49:54] [INFO] 🎉 迁移流程全部完成！
[2025-11-21 14:49:54] [INFO] ============================================================
[2025-11-21 14:49:54] [INFO] 源服务器IP: 170.64.226.135
[2025-11-21 14:49:54] [INFO] 目标服务器IP: 159.65.104.203
[2025-11-21 14:49:54] [INFO] 迁移开始时间: 2025-11-21 14:46:13
[2025-11-21 14:49:54] [INFO] 迁移结束时间: 2025-11-21 14:49:54
[2025-11-21 14:49:54] [INFO] 总耗时: 221.17秒 (3.7分钟)
[2025-11-21 14:49:54] [INFO] 迁移日志已保存: /root/hermit_crab/logs/migrations/migration_20251121_144610.log
[2025-11-21 14:49:54] [INFO] ============================================================
[2025-11-21 15:01:55] [INFO] GitHub仓库已连接: ssfxx0923/hermit-nodes
[2025-11-21 15:01:55] [INFO] CloudFlare API已初始化
[2025-11-21 15:01:55] [INFO] Hermit Crab Agent 已启动
[2025-11-21 15:01:55] [INFO] 删除服务器: 159.65.104.203
[2025-11-21 15:01:55] [INFO] 服务器列表已保存
[2025-11-21 15:01:55] [INFO] ✅ 已删除服务器: 159.65.104.203
[2025-11-21 15:01:55] [INFO] ✅ 已从本地列表删除
[2025-11-21 15:01:55] [INFO] 推送服务器列表到GitHub...
[2025-11-21 15:01:56] [INFO] ✅ 服务器列表已更新到GitHub
[2025-11-21 15:01:56] [INFO] ✅ 已同步到GitHub
[2025-11-21 15:02:01] [INFO] GitHub仓库已连接: ssfxx0923/hermit-nodes
[2025-11-21 15:02:01] [INFO] CloudFlare API已初始化
[2025-11-21 15:02:01] [INFO] Hermit Crab Agent 已启动
[2025-11-21 15:02:01] [INFO] 添加新服务器: 159.65.104.203
[2025-11-21 15:02:01] [INFO] 服务器列表已保存
[2025-11-21 15:02:01] [INFO] 已添加新服务器: 159.65.104.203
[2025-11-21 15:02:01] [INFO] ✅ 已添加到本地列表
[2025-11-21 15:02:01] [INFO] 推送服务器列表到GitHub...
[2025-11-21 15:02:03] [INFO] ✅ 服务器列表已更新到GitHub
[2025-11-21 15:02:03] [INFO] ✅ 已同步到GitHub
[2025-11-21 15:02:10] [INFO] GitHub仓库已连接: ssfxx0923/hermit-nodes
[2025-11-21 15:02:10] [INFO] CloudFlare API已初始化
[2025-11-21 15:02:10] [INFO] Hermit Crab Agent 已启动
[2025-11-21 15:02:10] [INFO] 添加新服务器: 159.65.104.203
[2025-11-21 15:02:10] [WARNING] 服务器已存在: 159.65.104.203
[2025-11-21 15:02:10] [ERROR] ❌ 添加失败
[2025-11-21 15:02:17] [INFO] GitHub仓库已连接: ssfxx0923/hermit-nodes
[2025-11-21 15:02:17] [INFO] CloudFlare API已初始化
[2025-11-21 15:02:17] [INFO] Hermit Crab Agent 已启动
[2025-11-21 15:02:17] [INFO] ============================================================
[2025-11-21 15:02:17] [INFO] 开始执行迁移流程
[2025-11-21 15:02:17] [INFO] 迁移日志: /root/hermit_crab/logs/migrations/migration_20251121_150217.log
[2025-11-21 15:02:17] [INFO] ============================================================
[2025-11-21 15:02:17] [INFO] 剩余时间 14 天，暂不需要迁移
[2025-11-21 15:02:17] [INFO] 当前服务器IP: 170.64.226.135
[2025-11-21 15:02:17] [INFO] 当前服务器剩余: 14 天
[2025-11-21 15:02:17] [WARNING] ⚠️  强制迁移模式：忽略生命周期检查
[2025-11-21 15:02:17] [INFO] 从GitHub同步服务器列表...
[2025-11-21 15:02:17] [INFO] 从GitHub拉取: nodes.json
[2025-11-21 15:02:18] [INFO] ✅ 成功拉取服务器列表 (1 个服务器)
[2025-11-21 15:02:18] [INFO] 服务器列表已保存
[2025-11-21 15:02:18] [INFO] 自动选择目标服务器...
[2025-11-21 15:02:18] [INFO] 找到 1 个可用服务器
[2025-11-21 15:02:18] [INFO] ✅ 选择剩余时间最长的服务器: 159.65.104.203 (剩余 14 天)
[2025-11-21 15:02:18] [INFO] 目标服务器IP: 159.65.104.203
[2025-11-21 15:02:18] [INFO] 目标剩余时间: 14 天
[2025-11-21 15:02:18] [INFO] ✅ 已从环境变量获取SSH密码
[2025-11-21 15:02:18] [INFO] 尝试获取服务器锁: 159.65.104.203
[2025-11-21 15:02:18] [INFO] 从GitHub拉取: nodes.json
[2025-11-21 15:02:18] [INFO] ✅ 成功拉取服务器列表 (1 个服务器)
[2025-11-21 15:02:18] [INFO] 推送服务器列表到GitHub...
[2025-11-21 15:02:20] [INFO] ✅ 服务器列表已更新到GitHub
[2025-11-21 15:02:20] [INFO] ✅ 成功获取服务器锁: 159.65.104.203
[2025-11-21 15:02:20] [INFO] 迁移开始时间: 2025-11-21 15:02:20
[2025-11-21 15:02:20] [INFO] ============================================================
[2025-11-21 15:02:20] [INFO] 开始迁移到目标服务器: 159.65.104.203
[2025-11-21 15:02:20] [INFO] ============================================================
[2025-11-21 15:02:20] [INFO] 测试SSH连接: 159.65.104.203
[2025-11-21 15:02:22] [INFO] SSH连接测试成功
[2025-11-21 15:02:22] [INFO] 配置SSH密钥到 159.65.104.203
[2025-11-21 15:02:27] [INFO] SSH密钥配置成功
[2025-11-21 15:02:27] [INFO] 在目标服务器备份关键文件...
[2025-11-21 15:02:37] [INFO] 关键文件备份完成
[2025-11-21 15:02:37] [INFO] ============================================================
[2025-11-21 15:02:37] [INFO] 开始Rsync系统文件同步...
[2025-11-21 15:02:37] [INFO] ============================================================
[2025-11-21 15:02:37] [INFO] 执行命令: rsync -aAXvzP --delete --numeric-ids --exclude-from=/root/hermit_crab/config/exclude_list.txt -e "ssh -i /root/.ssh/hermit_crab_id_rsa -o StrictHostKeyChecking=no" / root@159.65.104.203:/
[2025-11-21 15:02:37] [INFO] Rsync 传输中，实时进度显示：
[2025-11-21 15:02:37] [INFO] ------------------------------------------------------------
[2025-11-21 15:05:20] [INFO] ------------------------------------------------------------
[2025-11-21 15:05:20] [INFO] 传输统计: 共处理 240413 个文件/目录
[2025-11-21 15:05:20] [INFO] ✅ Rsync同步完成 (耗时: 163.19秒)
[2025-11-21 15:05:20] [INFO] 恢复目标服务器网络配置...
[2025-11-21 15:05:29] [INFO] 网络配置恢复完成
[2025-11-21 15:05:29] [INFO] ============================================================
[2025-11-21 15:05:29] [INFO] ✅ 迁移完成！
[2025-11-21 15:05:29] [INFO] ============================================================
[2025-11-21 15:05:29] [INFO] ============================================================
[2025-11-21 15:05:29] [INFO] 开始初始化目标服务器
[2025-11-21 15:05:29] [INFO] ============================================================
[2025-11-21 15:05:29] [INFO] 同步配置文件到目标服务器...
[2025-11-21 15:05:33] [INFO] ✅ 已同步: /root/hermit_crab/.env
[2025-11-21 15:05:36] [INFO] ✅ 已同步: /root/hermit_crab/data/nodes.json
[2025-11-21 15:05:36] [INFO] 清理 Python 字节码缓存...
[2025-11-21 15:05:44] [INFO] ✅ Python 缓存清理完成
[2025-11-21 15:05:44] [INFO] 检查目标服务器 Python 环境...
[2025-11-21 15:05:46] [WARNING] ⚠️  pip 损坏，正在修复...
[2025-11-21 15:05:51] [ERROR] ❌ 修复失败: error: externally-managed-environment

× This environment is externally managed
╰─> To install Python packages system-wide, try apt install
    python3-xyz, where xyz is the package you are trying to
    install.
    
    If you wish to install a non-Debian-packaged Python package,
    create a virtual environment using python3 -m venv path/to/venv.
    Then use path/to/venv/bin/python and path/to/venv/bin/pip. Make
    sure you have python3-full installed.
    
    If you wish to install a non-Debian packaged Python application,
    it may be easiest to use pipx install xyz, which will manage a
    virtual environment for you. Make sure you have pipx installed.
    
    See /usr/share/doc/python3.13/README.venv for more information.

note: If you believe this is a mistake, please contact your Python installation or OS distribution provider. You can override this, at the risk of breaking your Python installation or OS, by passing --break-system-packages.
hint: See PEP 668 for the detailed specification.

[2025-11-21 15:05:51] [ERROR] ❌ 目标服务器初始化失败
[2025-11-21 15:05:51] [WARNING] ⚠️  迁移主体完成但初始化失败，需要手动完成初始化
[2025-11-21 15:05:51] [INFO] 更新DNS: a -> 159.65.104.203
[2025-11-21 15:05:51] [INFO] 更新域名解析: a.ssfxx.com -> 159.65.104.203
[2025-11-21 15:05:51] [INFO] 找到DNS记录: a.ssfxx.com -> 159.65.104.203
[2025-11-21 15:05:51] [INFO] DNS记录IP未变化: 159.65.104.203
[2025-11-21 15:05:51] [INFO] ✅ DNS已更新
[2025-11-21 15:05:51] [INFO] 更新服务器状态...
[2025-11-21 15:05:51] [INFO] 从GitHub拉取: nodes.json
[2025-11-21 15:05:52] [INFO] ✅ 成功拉取服务器列表 (1 个服务器)
[2025-11-21 15:05:52] [INFO] 服务器 159.65.104.203 状态已更新: active
[2025-11-21 15:05:52] [INFO] 推送服务器列表到GitHub...
[2025-11-21 15:05:54] [INFO] ✅ 服务器列表已更新到GitHub
[2025-11-21 15:05:54] [INFO] 删除源服务器: 170.64.226.135
[2025-11-21 15:05:54] [INFO] 从GitHub拉取: nodes.json
[2025-11-21 15:05:54] [INFO] ✅ 成功拉取服务器列表 (1 个服务器)
[2025-11-21 15:05:54] [INFO] 推送服务器列表到GitHub...
[2025-11-21 15:05:56] [INFO] ✅ 服务器列表已更新到GitHub
[2025-11-21 15:05:56] [INFO] 迁移记录已添加: 159.65.104.203
[2025-11-21 15:05:56] [INFO] ============================================================
[2025-11-21 15:05:56] [INFO] 🎉 迁移流程全部完成！
[2025-11-21 15:05:56] [INFO] ============================================================
[2025-11-21 15:05:56] [INFO] 源服务器IP: 170.64.226.135
[2025-11-21 15:05:56] [INFO] 目标服务器IP: 159.65.104.203
[2025-11-21 15:05:56] [INFO] 迁移开始时间: 2025-11-21 15:02:20
[2025-11-21 15:05:56] [INFO] 迁移结束时间: 2025-11-21 15:05:56
[2025-11-21 15:05:56] [INFO] 总耗时: 215.99秒 (3.6分钟)
[2025-11-21 15:05:56] [INFO] 迁移日志已保存: /root/hermit_crab/logs/migrations/migration_20251121_150217.log
[2025-11-21 15:05:56] [INFO] ============================================================
[2025-11-21 15:09:03] [INFO] GitHub仓库已连接: ssfxx0923/hermit-nodes
[2025-11-21 15:09:03] [INFO] CloudFlare API已初始化
[2025-11-21 15:09:03] [INFO] Hermit Crab Agent 已启动
[2025-11-21 15:09:03] [INFO] 删除服务器: 159.65.104.203
[2025-11-21 15:09:03] [INFO] 服务器列表已保存
[2025-11-21 15:09:03] [INFO] ✅ 已删除服务器: 159.65.104.203
[2025-11-21 15:09:03] [INFO] ✅ 已从本地列表删除
[2025-11-21 15:09:03] [INFO] 推送服务器列表到GitHub...
[2025-11-21 15:09:04] [INFO] ✅ 服务器列表已更新到GitHub
[2025-11-21 15:09:04] [INFO] ✅ 已同步到GitHub
[2025-11-21 15:09:12] [INFO] GitHub仓库已连接: ssfxx0923/hermit-nodes
[2025-11-21 15:09:12] [INFO] CloudFlare API已初始化
[2025-11-21 15:09:12] [INFO] Hermit Crab Agent 已启动
[2025-11-21 15:09:12] [INFO] 添加新服务器: 159.65.104.203
[2025-11-21 15:09:12] [INFO] 服务器列表已保存
[2025-11-21 15:09:12] [INFO] 已添加新服务器: 159.65.104.203
[2025-11-21 15:09:12] [INFO] ✅ 已添加到本地列表
[2025-11-21 15:09:12] [INFO] 推送服务器列表到GitHub...
[2025-11-21 15:09:13] [INFO] ✅ 服务器列表已更新到GitHub
[2025-11-21 15:09:13] [INFO] ✅ 已同步到GitHub
[2025-11-21 15:11:35] [INFO] GitHub仓库已连接: ssfxx0923/hermit-nodes
[2025-11-21 15:11:35] [INFO] CloudFlare API已初始化
[2025-11-21 15:11:35] [INFO] Hermit Crab Agent 已启动
[2025-11-21 15:11:35] [INFO] ============================================================
[2025-11-21 15:11:35] [INFO] 开始执行迁移流程
[2025-11-21 15:11:35] [INFO] 迁移日志: /root/hermit_crab/logs/migrations/migration_20251121_151135.log
[2025-11-21 15:11:35] [INFO] ============================================================
[2025-11-21 15:11:35] [INFO] 剩余时间 14 天，暂不需要迁移
[2025-11-21 15:11:35] [INFO] 当前服务器IP: 170.64.226.135
[2025-11-21 15:11:35] [INFO] 当前服务器剩余: 14 天
[2025-11-21 15:11:35] [WARNING] ⚠️  强制迁移模式：忽略生命周期检查
[2025-11-21 15:11:35] [INFO] 从GitHub同步服务器列表...
[2025-11-21 15:11:35] [INFO] 从GitHub拉取: nodes.json
[2025-11-21 15:11:36] [INFO] ✅ 成功拉取服务器列表 (1 个服务器)
[2025-11-21 15:11:36] [INFO] 服务器列表已保存
[2025-11-21 15:11:36] [INFO] 自动选择目标服务器...
[2025-11-21 15:11:36] [INFO] 找到 1 个可用服务器
[2025-11-21 15:11:36] [INFO] ✅ 选择剩余时间最长的服务器: 159.65.104.203 (剩余 14 天)
[2025-11-21 15:11:36] [INFO] 目标服务器IP: 159.65.104.203
[2025-11-21 15:11:36] [INFO] 目标剩余时间: 14 天
[2025-11-21 15:11:36] [INFO] ✅ 已从环境变量获取SSH密码
[2025-11-21 15:11:36] [INFO] 尝试获取服务器锁: 159.65.104.203
[2025-11-21 15:11:36] [INFO] 从GitHub拉取: nodes.json
[2025-11-21 15:11:37] [INFO] ✅ 成功拉取服务器列表 (1 个服务器)
[2025-11-21 15:11:37] [INFO] 推送服务器列表到GitHub...
[2025-11-21 15:11:38] [INFO] ✅ 服务器列表已更新到GitHub
[2025-11-21 15:11:38] [INFO] ✅ 成功获取服务器锁: 159.65.104.203
[2025-11-21 15:11:38] [INFO] 迁移开始时间: 2025-11-21 15:11:38
[2025-11-21 15:11:38] [INFO] ============================================================
[2025-11-21 15:11:38] [INFO] 开始迁移到目标服务器: 159.65.104.203
[2025-11-21 15:11:38] [INFO] ============================================================
[2025-11-21 15:11:38] [INFO] 测试SSH连接: 159.65.104.203
[2025-11-21 15:11:40] [INFO] SSH连接测试成功
[2025-11-21 15:11:40] [INFO] 配置SSH密钥到 159.65.104.203
[2025-11-21 15:11:45] [INFO] SSH密钥配置成功
[2025-11-21 15:11:45] [INFO] 在目标服务器备份关键文件...
[2025-11-21 15:11:55] [INFO] 关键文件备份完成
[2025-11-21 15:11:55] [INFO] ============================================================
[2025-11-21 15:11:55] [INFO] 开始Rsync系统文件同步...
[2025-11-21 15:11:55] [INFO] ============================================================
[2025-11-21 15:11:55] [INFO] 执行命令: rsync -aAXvzP --delete --numeric-ids --exclude-from=/root/hermit_crab/config/exclude_list.txt -e "ssh -i /root/.ssh/hermit_crab_id_rsa -o StrictHostKeyChecking=no" / root@159.65.104.203:/
[2025-11-21 15:11:55] [INFO] Rsync 传输中，实时进度显示：
[2025-11-21 15:11:55] [INFO] ------------------------------------------------------------
[2025-11-21 15:14:54] [INFO] ------------------------------------------------------------
[2025-11-21 15:14:54] [INFO] 传输统计: 共处理 240430 个文件/目录
[2025-11-21 15:14:54] [INFO] ✅ Rsync同步完成 (耗时: 179.38秒)
[2025-11-21 15:14:54] [INFO] 恢复目标服务器网络配置...
[2025-11-21 15:15:03] [INFO] 网络配置恢复完成
[2025-11-21 15:15:03] [INFO] ============================================================
[2025-11-21 15:15:03] [INFO] ✅ 迁移完成！
[2025-11-21 15:15:03] [INFO] ============================================================
[2025-11-21 15:15:03] [INFO] ============================================================
[2025-11-21 15:15:03] [INFO] 开始初始化目标服务器
[2025-11-21 15:15:03] [INFO] ============================================================
[2025-11-21 15:15:03] [INFO] 同步配置文件到目标服务器...
[2025-11-21 15:15:07] [INFO] ✅ 已同步: /root/hermit_crab/.env
[2025-11-21 15:15:10] [INFO] ✅ 已同步: /root/hermit_crab/data/nodes.json
[2025-11-21 15:15:10] [INFO] 清理 Python 字节码缓存...
[2025-11-21 15:15:19] [INFO] ✅ Python 缓存清理完成
[2025-11-21 15:15:19] [INFO] 检查目标服务器 Python 环境...
[2025-11-21 15:15:21] [WARNING] ⚠️  pip 损坏，正在修复...
[2025-11-21 15:15:29] [INFO] ✅ Python 环境已修复
[2025-11-21 15:15:29] [INFO] 更新目标服务器生命周期信息...
[2025-11-21 15:15:32] [ERROR] ❌ 更新生命周期失败: Traceback (most recent call last):
  File "/root/hermit_crab/agent.py", line 15, in <module>
    from modules import (
    ...<3 lines>...
    )
  File "/root/hermit_crab/modules/__init__.py", line 13, in <module>
    from .github_sync import GitHubSync
  File "/root/hermit_crab/modules/github_sync.py", line 9, in <module>
    from github import Github, GithubException
  File "/usr/local/lib/python3.13/dist-packages/github/__init__.py", line 54, in <module>
    from . import Auth
  File "/usr/local/lib/python3.13/dist-packages/github/Auth.py", line 41, in <module>
    from requests import utils
  File "/usr/local/lib/python3.13/dist-packages/requests/__init__.py", line 151, in <module>
    from . import packages, utils
  File "/usr/local/lib/python3.13/dist-packages/requests/packages.py", line 9, in <module>
    locals()[package] = __import__(package)
                        ~~~~~~~~~~^^^^^^^^^
  File "/usr/local/lib/python3.13/dist-packages/idna/__init__.py", line 1, in <module>
    from .core import (
    ...<18 lines>...
    )
ModuleNotFoundError: No module named 'idna.core'

[2025-11-21 15:15:32] [ERROR] ❌ 目标服务器初始化失败
[2025-11-21 15:15:32] [WARNING] ⚠️  迁移主体完成但初始化失败，需要手动完成初始化
[2025-11-21 15:15:32] [INFO] 更新DNS: a -> 159.65.104.203
[2025-11-21 15:15:32] [INFO] 更新域名解析: a.ssfxx.com -> 159.65.104.203
[2025-11-21 15:15:33] [INFO] 找到DNS记录: a.ssfxx.com -> 159.65.104.203
[2025-11-21 15:15:33] [INFO] DNS记录IP未变化: 159.65.104.203
[2025-11-21 15:15:33] [INFO] ✅ DNS已更新
[2025-11-21 15:15:33] [INFO] 更新服务器状态...
[2025-11-21 15:15:33] [INFO] 从GitHub拉取: nodes.json
[2025-11-21 15:15:33] [INFO] ✅ 成功拉取服务器列表 (1 个服务器)
[2025-11-21 15:15:33] [INFO] 服务器 159.65.104.203 状态已更新: active
[2025-11-21 15:15:33] [INFO] 推送服务器列表到GitHub...
[2025-11-21 15:15:35] [INFO] ✅ 服务器列表已更新到GitHub
[2025-11-21 15:15:35] [INFO] 删除源服务器: 170.64.226.135
[2025-11-21 15:15:35] [INFO] 从GitHub拉取: nodes.json
[2025-11-21 15:15:36] [INFO] ✅ 成功拉取服务器列表 (1 个服务器)
[2025-11-21 15:15:36] [INFO] 推送服务器列表到GitHub...
[2025-11-21 15:15:37] [INFO] ✅ 服务器列表已更新到GitHub
[2025-11-21 15:15:37] [INFO] 迁移记录已添加: 159.65.104.203
[2025-11-21 15:15:37] [INFO] ============================================================
[2025-11-21 15:15:37] [INFO] 🎉 迁移流程全部完成！
[2025-11-21 15:15:37] [INFO] ============================================================
[2025-11-21 15:15:37] [INFO] 源服务器IP: 170.64.226.135
[2025-11-21 15:15:37] [INFO] 目标服务器IP: 159.65.104.203
[2025-11-21 15:15:37] [INFO] 迁移开始时间: 2025-11-21 15:11:38
[2025-11-21 15:15:37] [INFO] 迁移结束时间: 2025-11-21 15:15:37
[2025-11-21 15:15:37] [INFO] 总耗时: 239.33秒 (4.0分钟)
[2025-11-21 15:15:37] [INFO] 迁移日志已保存: /root/hermit_crab/logs/migrations/migration_20251121_151135.log
[2025-11-21 15:15:37] [INFO] ============================================================
[2025-11-21 15:43:02] [INFO] GitHub仓库已连接: ssfxx0923/hermit-nodes
[2025-11-21 15:43:02] [INFO] CloudFlare API已初始化
[2025-11-21 15:43:02] [INFO] Hermit Crab Agent 已启动
[2025-11-21 15:43:02] [INFO] 删除服务器: 159.65.104.203
[2025-11-21 15:43:02] [INFO] 服务器列表已保存
[2025-11-21 15:43:02] [INFO] ✅ 已删除服务器: 159.65.104.203
[2025-11-21 15:43:02] [INFO] ✅ 已从本地列表删除
[2025-11-21 15:43:02] [INFO] 推送服务器列表到GitHub...
[2025-11-21 15:43:04] [INFO] ✅ 服务器列表已更新到GitHub
[2025-11-21 15:43:04] [INFO] ✅ 已同步到GitHub
[2025-11-21 15:43:39] [INFO] GitHub仓库已连接: ssfxx0923/hermit-nodes
[2025-11-21 15:43:39] [INFO] CloudFlare API已初始化
[2025-11-21 15:43:39] [INFO] Hermit Crab Agent 已启动
[2025-11-21 15:43:39] [INFO] 添加新服务器: 104.248.191.16
[2025-11-21 15:43:39] [INFO] 服务器列表已保存
[2025-11-21 15:43:39] [INFO] 已添加新服务器: 104.248.191.16
[2025-11-21 15:43:39] [INFO] ✅ 已添加到本地列表
[2025-11-21 15:43:39] [INFO] 推送服务器列表到GitHub...
[2025-11-21 15:43:40] [INFO] ✅ 服务器列表已更新到GitHub
[2025-11-21 15:43:40] [INFO] ✅ 已同步到GitHub
[2025-11-21 15:43:45] [INFO] GitHub仓库已连接: ssfxx0923/hermit-nodes
[2025-11-21 15:43:45] [INFO] CloudFlare API已初始化
[2025-11-21 15:43:45] [INFO] Hermit Crab Agent 已启动
[2025-11-21 15:43:45] [INFO] ============================================================
[2025-11-21 15:43:45] [INFO] 开始执行迁移流程
[2025-11-21 15:43:45] [INFO] 迁移日志: /root/hermit_crab/logs/migrations/migration_20251121_154345.log
[2025-11-21 15:43:45] [INFO] ============================================================
[2025-11-21 15:43:45] [INFO] 剩余时间 14 天，暂不需要迁移
[2025-11-21 15:43:45] [INFO] 当前服务器IP: 170.64.226.135
[2025-11-21 15:43:45] [INFO] 当前服务器剩余: 14 天
[2025-11-21 15:43:45] [WARNING] ⚠️  强制迁移模式：忽略生命周期检查
[2025-11-21 15:43:45] [INFO] 从GitHub同步服务器列表...
[2025-11-21 15:43:45] [INFO] 从GitHub拉取: nodes.json
[2025-11-21 15:43:46] [INFO] ✅ 成功拉取服务器列表 (1 个服务器)
[2025-11-21 15:43:46] [INFO] 服务器列表已保存
[2025-11-21 15:43:46] [INFO] 自动选择目标服务器...
[2025-11-21 15:43:46] [INFO] 找到 1 个可用服务器
[2025-11-21 15:43:46] [INFO] ✅ 选择剩余时间最长的服务器: 104.248.191.16 (剩余 14 天)
[2025-11-21 15:43:46] [INFO] 目标服务器IP: 104.248.191.16
[2025-11-21 15:43:46] [INFO] 目标剩余时间: 14 天
[2025-11-21 15:43:46] [INFO] ✅ 已从环境变量获取SSH密码
[2025-11-21 15:43:46] [INFO] 尝试获取服务器锁: 104.248.191.16
[2025-11-21 15:43:46] [INFO] 从GitHub拉取: nodes.json
[2025-11-21 15:43:46] [INFO] ✅ 成功拉取服务器列表 (1 个服务器)
[2025-11-21 15:43:46] [INFO] 推送服务器列表到GitHub...
[2025-11-21 15:43:48] [INFO] ✅ 服务器列表已更新到GitHub
[2025-11-21 15:43:48] [INFO] ✅ 成功获取服务器锁: 104.248.191.16
[2025-11-21 15:43:48] [INFO] 迁移开始时间: 2025-11-21 15:43:48
[2025-11-21 15:43:48] [INFO] ============================================================
[2025-11-21 15:43:48] [INFO] 开始迁移到目标服务器: 104.248.191.16
[2025-11-21 15:43:48] [INFO] ============================================================
[2025-11-21 15:43:48] [INFO] 测试SSH连接: 104.248.191.16
[2025-11-21 15:43:51] [INFO] SSH连接测试成功
[2025-11-21 15:43:51] [INFO] 配置SSH密钥到 104.248.191.16
[2025-11-21 15:43:55] [INFO] SSH密钥配置成功
[2025-11-21 15:43:55] [INFO] 在目标服务器备份关键文件...
[2025-11-21 15:44:05] [INFO] 关键文件备份完成
[2025-11-21 15:44:05] [INFO] ============================================================
[2025-11-21 15:44:05] [INFO] 开始Rsync系统文件同步...
[2025-11-21 15:44:05] [INFO] ============================================================
[2025-11-21 15:44:05] [INFO] 执行命令: rsync -aAXvzP --delete --numeric-ids --exclude-from=/root/hermit_crab/config/exclude_list.txt -e "ssh -i /root/.ssh/hermit_crab_id_rsa -o StrictHostKeyChecking=no" / root@104.248.191.16:/
[2025-11-21 15:44:05] [INFO] Rsync 传输中，实时进度显示：
[2025-11-21 15:44:05] [INFO] ------------------------------------------------------------
[2025-11-21 15:47:11] [INFO] ------------------------------------------------------------
[2025-11-21 15:47:11] [INFO] 传输统计: 共处理 246951 个文件/目录
[2025-11-21 15:47:11] [INFO] ✅ Rsync同步完成 (耗时: 186.15秒)
[2025-11-21 15:47:11] [INFO] 恢复目标服务器网络配置...
[2025-11-21 15:48:21] [INFO] 网络配置恢复完成
[2025-11-21 15:48:21] [INFO] ============================================================
[2025-11-21 15:48:21] [INFO] ✅ 迁移完成！
[2025-11-21 15:48:21] [INFO] ============================================================
[2025-11-21 15:48:21] [INFO] ============================================================
[2025-11-21 15:48:21] [INFO] 开始初始化目标服务器
[2025-11-21 15:48:21] [INFO] ============================================================
[2025-11-21 15:48:21] [INFO] 同步配置文件到目标服务器...
[2025-11-21 15:48:44] [INFO] ✅ 已同步: /root/hermit_crab/.env
[2025-11-21 15:48:55] [INFO] ✅ 已同步: /root/hermit_crab/data/nodes.json
[2025-11-21 15:48:55] [INFO] 清理 Python 字节码缓存...
[2025-11-21 15:49:42] [INFO] ✅ Python 缓存清理完成
[2025-11-21 15:49:42] [INFO] 更新目标服务器生命周期信息...
[2025-11-21 15:51:51] [ERROR] ❌ 更新生命周期失败: Connection closed by 104.248.191.16 port 22

[2025-11-21 15:51:51] [ERROR] ❌ 目标服务器初始化失败
[2025-11-21 15:51:51] [WARNING] ⚠️  迁移主体完成但初始化失败，需要手动完成初始化
[2025-11-21 15:51:51] [INFO] 更新DNS: a -> 104.248.191.16
[2025-11-21 15:51:51] [INFO] 更新域名解析: a.ssfxx.com -> 104.248.191.16
[2025-11-21 15:51:52] [INFO] 找到DNS记录: a.ssfxx.com -> 159.65.104.203
[2025-11-21 15:51:52] [INFO] ✅ DNS记录已更新: a.ssfxx.com 159.65.104.203 -> 104.248.191.16
[2025-11-21 15:51:52] [INFO] ✅ DNS已更新
[2025-11-21 15:51:52] [INFO] 更新服务器状态...
[2025-11-21 15:51:52] [INFO] 从GitHub拉取: nodes.json
[2025-11-21 15:51:53] [INFO] ✅ 成功拉取服务器列表 (1 个服务器)
[2025-11-21 15:51:53] [INFO] 服务器 104.248.191.16 状态已更新: active
[2025-11-21 15:51:53] [INFO] 推送服务器列表到GitHub...
[2025-11-21 15:51:54] [INFO] ✅ 服务器列表已更新到GitHub
[2025-11-21 15:51:54] [INFO] 删除源服务器: 170.64.226.135
[2025-11-21 15:51:54] [INFO] 从GitHub拉取: nodes.json
[2025-11-21 15:51:55] [INFO] ✅ 成功拉取服务器列表 (1 个服务器)
[2025-11-21 15:51:55] [INFO] 推送服务器列表到GitHub...
[2025-11-21 15:51:56] [INFO] ✅ 服务器列表已更新到GitHub
[2025-11-21 15:51:56] [INFO] 迁移记录已添加: 104.248.191.16
[2025-11-21 15:51:56] [INFO] ============================================================
[2025-11-21 15:51:56] [INFO] 🎉 迁移流程全部完成！
[2025-11-21 15:51:56] [INFO] ============================================================
[2025-11-21 15:51:56] [INFO] 源服务器IP: 170.64.226.135
[2025-11-21 15:51:56] [INFO] 目标服务器IP: 104.248.191.16
[2025-11-21 15:51:56] [INFO] 迁移开始时间: 2025-11-21 15:43:48
[2025-11-21 15:51:56] [INFO] 迁移结束时间: 2025-11-21 15:51:56
[2025-11-21 15:51:56] [INFO] 总耗时: 488.44秒 (8.1分钟)
[2025-11-21 15:51:56] [INFO] 迁移日志已保存: /root/hermit_crab/logs/migrations/migration_20251121_154345.log
[2025-11-21 15:51:56] [INFO] ============================================================
[2025-11-22 03:41:41] [INFO] GitHub仓库已连接: ssfxx0923/hermit-nodes
[2025-11-22 03:41:41] [INFO] CloudFlare API已初始化
[2025-11-22 03:41:41] [INFO] Hermit Crab Agent 已启动
[2025-11-22 03:41:41] [INFO] 剩余时间 13 天，暂不需要迁移
[2025-11-22 03:41:41] [INFO] ============================================================
[2025-11-22 03:41:41] [INFO] Hermit Crab 服务器状态
[2025-11-22 03:41:41] [INFO] ============================================================
[2025-11-22 03:41:41] [INFO] 状态: ✅ HEALTHY
[2025-11-22 03:41:41] [INFO] 当前IP: 170.64.226.135
[2025-11-22 03:41:41] [INFO] 当前域名: a.ssfxx.com
[2025-11-22 03:41:41] [INFO] 添加日期: 2025-11-21
[2025-11-22 03:41:41] [INFO] 过期日期: 2025-12-06
[2025-11-22 03:41:41] [INFO] 剩余天数: 13 天
[2025-11-22 03:41:41] [INFO] 迁移次数: 6
[2025-11-22 03:41:41] [INFO] 需要迁移: 否
[2025-11-22 03:41:41] [INFO] ============================================================
[2025-11-22 03:41:41] [INFO] 
正在从GitHub同步服务器列表...
[2025-11-22 03:41:41] [INFO] 从GitHub拉取: nodes.json
[2025-11-22 03:41:41] [INFO] ✅ 成功拉取服务器列表 (1 个服务器)
[2025-11-22 03:41:41] [INFO] 服务器列表已保存
[2025-11-22 03:41:41] [INFO] 
可用服务器列表:
[2025-11-22 03:41:41] [INFO] ================================================================================
[2025-11-22 03:41:41] [INFO] IP地址               剩余天数         状态           备注                            
[2025-11-22 03:41:41] [INFO] ================================================================================
[2025-11-22 03:41:41] [INFO] 104.248.191.16     13           active                                     
[2025-11-22 03:41:41] [INFO] ================================================================================
